<?xml version="1.0" encoding="UTF-8"?>
<!-- Generated by org.testng.reporters.JUnitReportReporter -->
<testsuite skipped="0" hostname="DESKTOP-QNUHC97" name="Learn" tests="2" failures="0" timestamp="2020-11-23T23:28:44 IST" time="8.298" errors="0">
  <testcase name="test" time="1.989" classname="Learn"/>
  <system-out/>
  <testcase name="Test2" time="6.309" classname="Learn"/>
  <system-out/>
</testsuite> <!-- Learn -->
