<?xml version="1.0" encoding="UTF-8"?>
<!-- Generated by org.testng.reporters.JUnitReportReporter -->
<testsuite skipped="0" hostname="DESKTOP-QNUHC97" name="Test_Rest_Methods" tests="3" failures="0" timestamp="2020-11-24T11:19:42 IST" time="6.529" errors="0">
  <testcase name="Test_04_Patch" time="1.079" classname="Test_Rest_Methods"/>
  <system-out/>
  <testcase name="Test_03_Put" time="1.193" classname="Test_Rest_Methods"/>
  <system-out/>
  <testcase name="Test_02_POST" time="4.257" classname="Test_Rest_Methods"/>
  <system-out/>
</testsuite> <!-- Test_Rest_Methods -->
